<?xml version="1.0" encoding="UTF-8"?>
<!-- Generated by org.testng.reporters.JUnitReportReporter -->
<testsuite hostname="suresh-PC" name="SeleniumPackage.Demo" tests="1" failures="0" timestamp="2 Mar 2020 05:20:31 GMT" time="192.450" errors="0">
  <testcase name="test" time="192.450" classname="SeleniumPackage.Demo"/>
</testsuite> <!-- SeleniumPackage.Demo -->
